<?xml version="1.0" encoding="UTF-8"?>
<!-- Generated by org.testng.reporters.JUnitReportReporter -->
<testsuite hostname="DESKTOP-0KOC96B" failures="0" tests="1" name="UBIZ.Finance.Testcase" time="65.425" errors="0" timestamp="2025-03-10T15:56:51 IST" skipped="0">
  <testcase classname="UBIZ.Finance.Testcase" name="validtest" time="65.425"/>
</testsuite> <!-- UBIZ.Finance.Testcase -->
